<?xml version="1.0" encoding="UTF-8"?>
<testng-results skipped="0" failed="0" ignored="0" total="1" passed="1">
  <reporter-output>
  </reporter-output>
  <suite name="Default suite" duration-ms="56744" started-at="2022-02-07T21:46:22 SAST" finished-at="2022-02-07T21:47:19 SAST">
    <groups>
    </groups>
    <test name="Default test" duration-ms="56744" started-at="2022-02-07T21:46:22 SAST" finished-at="2022-02-07T21:47:19 SAST">
      <class name="practical.TestCase6">
        <test-method status="PASS" signature="test1()[pri:0, instance:practical.TestCase6@7403c468]" name="test1" duration-ms="56678" started-at="2022-02-07T21:46:22 SAST" finished-at="2022-02-07T21:47:19 SAST">
          <reporter-output>
          </reporter-output>
        </test-method> <!-- test1 -->
      </class> <!-- practical.TestCase6 -->
    </test> <!-- Default test -->
  </suite> <!-- Default suite -->
</testng-results>
